TN:
SF:src\context\AuthContext.tsx
FN:24,AuthProvider
FN:35,(anonymous_1)
FN:38,(anonymous_2)
FN:51,(anonymous_3)
FN:56,(anonymous_4)
FN:67,(anonymous_5)
FN:76,(anonymous_6)
FN:88,(anonymous_7)
FN:120,useAuth
FNF:9
FNH:7
FNDA:55,AuthProvider
FNDA:48,(anonymous_1)
FNDA:0,(anonymous_2)
FNDA:48,(anonymous_3)
FNDA:15,(anonymous_4)
FNDA:5,(anonymous_5)
FNDA:6,(anonymous_6)
FNDA:0,(anonymous_7)
FNDA:53,useAuth
DA:1,2
DA:22,2
DA:25,55
DA:26,55
DA:27,55
DA:28,55
DA:30,55
DA:31,55
DA:32,55
DA:35,55
DA:36,48
DA:37,13
DA:39,0
DA:40,0
DA:41,0
DA:44,0
DA:45,0
DA:51,48
DA:52,48
DA:56,55
DA:57,15
DA:58,15
DA:59,15
DA:60,13
DA:61,13
DA:63,15
DA:67,55
DA:68,5
DA:69,5
DA:70,5
DA:72,5
DA:76,55
DA:77,6
DA:78,6
DA:79,6
DA:81,6
DA:82,6
DA:83,6
DA:84,6
DA:88,55
DA:89,0
DA:90,0
DA:91,0
DA:92,0
DA:94,0
DA:95,0
DA:99,55
DA:121,53
DA:122,53
DA:123,49
LF:50
LH:39
BRDA:30,0,0,55
BRDA:30,0,1,13
BRDA:31,1,0,55
BRDA:31,1,1,40
BRDA:32,2,0,55
BRDA:32,2,1,54
BRDA:36,3,0,13
BRDA:36,3,1,35
BRDA:52,4,0,19
BRDA:52,4,1,29
BRDA:84,5,0,6
BRDA:84,5,1,0
BRDA:89,6,0,0
BRDA:89,6,1,0
BRDA:122,7,0,4
BRDA:122,7,1,49
BRF:16
BRH:13
end_of_record
TN:
SF:src\context\CartContext.tsx
FN:23,CartProvider
FN:27,(anonymous_1)
FN:28,(anonymous_2)
FN:29,(anonymous_3)
FN:33,(anonymous_4)
FN:49,(anonymous_5)
FN:51,(anonymous_6)
FN:51,(anonymous_7)
FN:53,(anonymous_8)
FN:55,(anonymous_9)
FN:60,(anonymous_10)
FN:61,(anonymous_11)
FN:61,(anonymous_12)
FN:64,(anonymous_13)
FN:68,(anonymous_14)
FN:72,(anonymous_15)
FN:73,(anonymous_16)
FN:97,useCart
FNF:18
FNH:17
FNDA:67,CartProvider
FNDA:32,(anonymous_1)
FNDA:32,(anonymous_2)
FNDA:11,(anonymous_3)
FNDA:2,(anonymous_4)
FNDA:4,(anonymous_5)
FNDA:2,(anonymous_6)
FNDA:2,(anonymous_7)
FNDA:2,(anonymous_8)
FNDA:3,(anonymous_9)
FNDA:4,(anonymous_10)
FNDA:4,(anonymous_11)
FNDA:5,(anonymous_12)
FNDA:4,(anonymous_13)
FNDA:0,(anonymous_14)
FNDA:41,(anonymous_15)
FNDA:41,(anonymous_16)
FNDA:70,useCart
DA:1,2
DA:19,2
DA:21,2
DA:24,67
DA:25,67
DA:27,67
DA:28,32
DA:29,32
DA:30,11
DA:32,32
DA:33,2
DA:34,2
DA:36,2
DA:38,30
DA:45,32
DA:49,67
DA:50,4
DA:51,2
DA:53,2
DA:55,3
DA:60,67
DA:61,5
DA:64,67
DA:65,4
DA:68,67
DA:72,67
DA:73,67
DA:74,41
DA:78,67
DA:98,70
DA:99,70
DA:100,66
LF:32
LH:32
BRDA:30,0,0,11
BRDA:30,0,1,3
BRDA:32,1,0,2
BRDA:32,1,1,30
BRDA:34,2,0,2
BRDA:34,2,1,0
BRDA:39,3,0,30
BRDA:39,3,1,26
BRDA:50,4,0,2
BRDA:50,4,1,2
BRDA:55,5,0,2
BRDA:55,5,1,1
BRDA:74,6,0,0
BRDA:74,6,1,41
BRDA:99,7,0,4
BRDA:99,7,1,66
BRF:16
BRH:14
end_of_record
TN:
SF:src\hooks\index.ts
FNF:0
FNH:0
LF:0
LH:0
BRF:0
BRH:0
end_of_record
TN:
SF:src\hooks\useAuth.ts
FN:6,useAuth
FNF:1
FNH:1
FNDA:5,useAuth
DA:1,1
DA:7,5
DA:8,5
DA:9,4
DA:11,1
LF:5
LH:5
BRDA:8,0,0,4
BRDA:8,0,1,1
BRF:2
BRH:2
end_of_record
TN:
SF:src\hooks\useCart.ts
FN:6,useCart
FNF:1
FNH:1
FNDA:5,useCart
DA:1,1
DA:7,5
DA:8,5
DA:9,4
DA:11,1
LF:5
LH:5
BRDA:8,0,0,4
BRDA:8,0,1,1
BRF:2
BRH:2
end_of_record
TN:
SF:src\lib\api-client.ts
FN:16,setAccessToken
FN:20,getAccessToken
FN:29,(anonymous_2)
FN:38,apiRequest
FN:74,apiRequestRaw
FN:108,apiUpload
FNF:6
FNH:6
FNDA:75,setAccessToken
FNDA:4,getAccessToken
FNDA:15,(anonymous_2)
FNDA:14,apiRequest
FNDA:8,apiRequestRaw
FNDA:9,apiUpload
DA:11,1
DA:14,1
DA:17,75
DA:21,4
DA:30,15
DA:31,15
DA:32,15
DA:33,15
DA:39,14
DA:44,14
DA:45,1
DA:48,14
DA:56,14
DA:57,1
DA:60,13
DA:62,13
DA:63,5
DA:70,8
DA:75,8
DA:80,8
DA:81,1
DA:84,8
DA:90,8
DA:91,1
DA:94,7
DA:96,7
DA:97,3
DA:104,4
DA:109,9
DA:111,9
DA:112,1
DA:115,9
DA:122,9
DA:123,1
DA:126,8
DA:128,8
DA:129,2
DA:136,6
LF:38
LH:38
BRDA:11,0,0,1
BRDA:11,0,1,1
BRDA:38,1,0,14
BRDA:41,2,0,14
BRDA:41,2,1,12
BRDA:44,3,0,1
BRDA:44,3,1,13
BRDA:56,4,0,1
BRDA:56,4,1,13
BRDA:62,5,0,5
BRDA:62,5,1,8
BRDA:65,6,0,5
BRDA:65,6,1,1
BRDA:74,7,0,8
BRDA:77,8,0,8
BRDA:77,8,1,8
BRDA:80,9,0,1
BRDA:80,9,1,7
BRDA:90,10,0,1
BRDA:90,10,1,7
BRDA:96,11,0,3
BRDA:96,11,1,4
BRDA:99,12,0,3
BRDA:99,12,1,1
BRDA:111,13,0,1
BRDA:111,13,1,8
BRDA:122,14,0,1
BRDA:122,14,1,8
BRDA:128,15,0,2
BRDA:128,15,1,6
BRDA:131,16,0,2
BRDA:131,16,1,1
BRF:32
BRH:32
end_of_record
TN:
SF:src\lib\currency.ts
FN:2,centsToEuro
FN:7,euroToCents
FN:17,formatEuro
FN:22,bpsToPercent
FN:27,percentToBps
FNF:5
FNH:5
FNDA:3,centsToEuro
FNDA:2,euroToCents
FNDA:1,formatEuro
FNDA:2,bpsToPercent
FNDA:1,percentToBps
DA:3,3
DA:8,2
DA:11,1
DA:18,1
DA:23,2
DA:28,1
LF:6
LH:6
BRF:0
BRH:0
end_of_record
TN:
SF:src\lib\validation.ts
FN:7,(anonymous_0)
FN:8,(anonymous_1)
FN:9,(anonymous_2)
FN:12,validatePassword
FN:16,(anonymous_4)
FN:17,(anonymous_5)
FN:20,isValidEmail
FNF:7
FNH:7
FNDA:5,(anonymous_0)
FNDA:3,(anonymous_1)
FNDA:3,(anonymous_2)
FNDA:3,validatePassword
FNDA:9,(anonymous_4)
FNDA:5,(anonymous_5)
FNDA:3,isValidEmail
DA:6,1
DA:7,5
DA:8,3
DA:9,3
DA:16,9
DA:17,5
DA:21,3
LF:7
LH:7
BRF:0
BRH:0
end_of_record
TN:
SF:src\services\address.service.ts
FN:15,(anonymous_0)
FN:19,(anonymous_1)
FN:26,(anonymous_2)
FN:33,(anonymous_3)
FN:39,(anonymous_4)
FNF:5
FNH:5
FNDA:1,(anonymous_0)
FNDA:1,(anonymous_1)
FNDA:1,(anonymous_2)
FNDA:1,(anonymous_3)
FNDA:1,(anonymous_4)
DA:14,1
DA:16,1
DA:20,1
DA:27,1
DA:34,1
DA:40,1
LF:6
LH:6
BRF:0
BRH:0
end_of_record
TN:
SF:src\services\admin.service.ts
FN:42,(anonymous_0)
FN:55,(anonymous_1)
FN:59,(anonymous_2)
FN:66,(anonymous_3)
FN:73,(anonymous_4)
FN:80,(anonymous_5)
FN:87,(anonymous_6)
FN:94,(anonymous_7)
FN:106,(anonymous_8)
FN:122,(anonymous_9)
FN:133,(anonymous_10)
FN:144,(anonymous_11)
FN:155,(anonymous_12)
FN:159,(anonymous_13)
FN:163,(anonymous_14)
FN:173,(anonymous_15)
FN:183,(anonymous_16)
FN:193,(anonymous_17)
FN:203,(anonymous_18)
FN:207,(anonymous_19)
FNF:20
FNH:20
FNDA:3,(anonymous_0)
FNDA:1,(anonymous_1)
FNDA:1,(anonymous_2)
FNDA:1,(anonymous_3)
FNDA:1,(anonymous_4)
FNDA:1,(anonymous_5)
FNDA:1,(anonymous_6)
FNDA:1,(anonymous_7)
FNDA:1,(anonymous_8)
FNDA:2,(anonymous_9)
FNDA:2,(anonymous_10)
FNDA:2,(anonymous_11)
FNDA:1,(anonymous_12)
FNDA:1,(anonymous_13)
FNDA:2,(anonymous_14)
FNDA:2,(anonymous_15)
FNDA:2,(anonymous_16)
FNDA:2,(anonymous_17)
FNDA:1,(anonymous_18)
FNDA:1,(anonymous_19)
DA:41,1
DA:45,3
DA:46,3
DA:47,3
DA:48,3
DA:49,3
DA:50,3
DA:51,3
DA:52,3
DA:56,1
DA:60,1
DA:67,1
DA:74,1
DA:81,1
DA:88,1
DA:101,1
DA:116,1
DA:125,2
DA:126,2
DA:127,2
DA:128,2
DA:129,2
DA:130,2
DA:136,2
DA:137,2
DA:138,2
DA:139,2
DA:140,2
DA:141,2
DA:147,2
DA:148,2
DA:149,2
DA:150,2
DA:151,2
DA:152,2
DA:156,1
DA:160,1
DA:166,2
DA:167,2
DA:168,2
DA:169,2
DA:170,2
DA:176,2
DA:177,2
DA:178,2
DA:179,2
DA:180,2
DA:186,2
DA:187,2
DA:188,2
DA:189,2
DA:190,2
DA:196,2
DA:197,2
DA:198,2
DA:199,2
DA:200,2
DA:204,1
DA:208,1
LF:59
LH:59
BRDA:43,0,0,3
BRDA:46,1,0,2
BRDA:46,1,1,1
BRDA:47,2,0,1
BRDA:47,2,1,2
BRDA:48,3,0,1
BRDA:48,3,1,2
BRDA:49,4,0,1
BRDA:49,4,1,2
BRDA:50,5,0,1
BRDA:50,5,1,2
BRDA:52,6,0,2
BRDA:52,6,1,1
BRDA:123,7,0,2
BRDA:126,8,0,1
BRDA:126,8,1,1
BRDA:127,9,0,1
BRDA:127,9,1,1
BRDA:128,10,0,1
BRDA:128,10,1,1
BRDA:130,11,0,1
BRDA:130,11,1,1
BRDA:134,12,0,2
BRDA:137,13,0,1
BRDA:137,13,1,1
BRDA:138,14,0,1
BRDA:138,14,1,1
BRDA:139,15,0,1
BRDA:139,15,1,1
BRDA:141,16,0,1
BRDA:141,16,1,1
BRDA:145,17,0,2
BRDA:148,18,0,1
BRDA:148,18,1,1
BRDA:149,19,0,1
BRDA:149,19,1,1
BRDA:150,20,0,1
BRDA:150,20,1,1
BRDA:152,21,0,1
BRDA:152,21,1,1
BRDA:164,22,0,2
BRDA:167,23,0,1
BRDA:167,23,1,1
BRDA:168,24,0,1
BRDA:168,24,1,1
BRDA:170,25,0,1
BRDA:170,25,1,1
BRDA:174,26,0,2
BRDA:177,27,0,1
BRDA:177,27,1,1
BRDA:178,28,0,1
BRDA:178,28,1,1
BRDA:180,29,0,1
BRDA:180,29,1,1
BRDA:184,30,0,2
BRDA:187,31,0,1
BRDA:187,31,1,1
BRDA:188,32,0,1
BRDA:188,32,1,1
BRDA:190,33,0,1
BRDA:190,33,1,1
BRDA:194,34,0,2
BRDA:197,35,0,1
BRDA:197,35,1,1
BRDA:198,36,0,1
BRDA:198,36,1,1
BRDA:200,37,0,1
BRDA:200,37,1,1
BRF:68
BRH:68
end_of_record
TN:
SF:src\services\auth.service.ts
FN:17,(anonymous_0)
FN:24,(anonymous_1)
FN:35,(anonymous_2)
FN:45,(anonymous_3)
FN:52,(anonymous_4)
FN:62,(anonymous_5)
FN:69,(anonymous_6)
FNF:7
FNH:7
FNDA:1,(anonymous_0)
FNDA:1,(anonymous_1)
FNDA:1,(anonymous_2)
FNDA:1,(anonymous_3)
FNDA:1,(anonymous_4)
FNDA:1,(anonymous_5)
FNDA:1,(anonymous_6)
DA:16,1
DA:18,1
DA:25,1
DA:36,1
DA:46,1
DA:53,1
DA:63,1
DA:70,1
LF:8
LH:8
BRF:0
BRH:0
end_of_record
TN:
SF:src\services\buyer-value-profile.service.ts
FN:17,toApiProfileType
FN:21,fromApiProfileType
FN:25,parseProfileField
FN:38,(anonymous_3)
FN:50,(anonymous_4)
FNF:5
FNH:5
FNDA:2,toApiProfileType
FNDA:5,fromApiProfileType
FNDA:10,parseProfileField
FNDA:3,(anonymous_3)
FNDA:2,(anonymous_4)
DA:18,2
DA:22,5
DA:26,10
DA:27,3
DA:28,3
DA:29,3
DA:31,0
DA:34,0
DA:37,1
DA:39,3
DA:40,3
DA:51,2
DA:56,2
DA:60,2
LF:14
LH:12
BRDA:26,0,0,7
BRDA:26,0,1,3
BRDA:27,1,0,3
BRDA:27,1,1,0
BRDA:53,2,0,1
BRDA:53,2,1,1
BRDA:54,3,0,0
BRDA:54,3,1,2
BRF:8
BRH:6
end_of_record
TN:
SF:src\services\cart.service.ts
FN:5,(anonymous_0)
FN:9,(anonymous_1)
FN:16,(anonymous_2)
FN:23,(anonymous_3)
FNF:4
FNH:4
FNDA:1,(anonymous_0)
FNDA:1,(anonymous_1)
FNDA:1,(anonymous_2)
FNDA:1,(anonymous_3)
DA:4,1
DA:6,1
DA:10,1
DA:17,1
DA:24,1
LF:5
LH:5
BRF:0
BRH:0
end_of_record
TN:
SF:src\services\category.service.ts
FN:25,(anonymous_0)
FN:29,(anonymous_1)
FN:35,(anonymous_2)
FN:42,(anonymous_3)
FN:49,(anonymous_4)
FNF:5
FNH:5
FNDA:1,(anonymous_0)
FNDA:1,(anonymous_1)
FNDA:1,(anonymous_2)
FNDA:1,(anonymous_3)
FNDA:1,(anonymous_4)
DA:22,1
DA:26,1
DA:30,1
DA:36,1
DA:43,1
DA:50,1
LF:6
LH:6
BRF:0
BRH:0
end_of_record
TN:
SF:src\services\certificate.service.ts
FN:32,(anonymous_0)
FN:39,(anonymous_1)
FN:43,(anonymous_2)
FN:47,(anonymous_3)
FN:54,(anonymous_4)
FN:60,(anonymous_5)
FN:66,(anonymous_6)
FN:72,(anonymous_7)
FN:79,(anonymous_8)
FN:84,(anonymous_9)
FNF:10
FNH:10
FNDA:1,(anonymous_0)
FNDA:1,(anonymous_1)
FNDA:1,(anonymous_2)
FNDA:1,(anonymous_3)
FNDA:1,(anonymous_4)
FNDA:1,(anonymous_5)
FNDA:1,(anonymous_6)
FNDA:1,(anonymous_7)
FNDA:1,(anonymous_8)
FNDA:1,(anonymous_9)
DA:31,1
DA:33,1
DA:40,1
DA:44,1
DA:48,1
DA:55,1
DA:61,1
DA:67,1
DA:73,1
DA:80,1
DA:85,1
LF:11
LH:11
BRF:0
BRH:0
end_of_record
TN:
SF:src\services\checkout.service.ts
FN:5,(anonymous_0)
FN:12,(anonymous_1)
FNF:2
FNH:2
FNDA:1,(anonymous_0)
FNDA:1,(anonymous_1)
DA:4,1
DA:6,1
DA:13,1
LF:3
LH:3
BRF:0
BRH:0
end_of_record
TN:
SF:src\services\file.service.ts
FN:11,(anonymous_0)
FN:29,(anonymous_1)
FN:37,(anonymous_2)
FN:45,(anonymous_3)
FN:53,(anonymous_4)
FN:64,(anonymous_5)
FN:74,(anonymous_6)
FNF:7
FNH:7
FNDA:3,(anonymous_0)
FNDA:1,(anonymous_1)
FNDA:1,(anonymous_2)
FNDA:1,(anonymous_3)
FNDA:2,(anonymous_4)
FNDA:1,(anonymous_5)
FNDA:1,(anonymous_6)
DA:4,1
DA:6,1
DA:17,3
DA:18,3
DA:19,3
DA:20,3
DA:21,3
DA:22,3
DA:30,1
DA:38,1
DA:46,1
DA:54,2
DA:65,1
DA:80,1
DA:81,1
DA:82,1
LF:16
LH:16
BRDA:4,0,0,1
BRDA:4,0,1,1
BRDA:20,1,0,1
BRDA:20,1,1,2
BRDA:21,2,0,1
BRDA:21,2,1,2
BRF:6
BRH:6
end_of_record
TN:
SF:src\services\index.ts
FNF:0
FNH:0
LF:0
LH:0
BRF:0
BRH:0
end_of_record
TN:
SF:src\services\order.service.ts
FN:11,(anonymous_0)
FN:20,(anonymous_1)
FNF:2
FNH:2
FNDA:7,(anonymous_0)
FNDA:3,(anonymous_1)
DA:10,1
DA:12,7
DA:13,7
DA:14,7
DA:15,7
DA:16,7
DA:17,7
DA:21,3
LF:8
LH:8
BRDA:11,0,0,7
BRDA:13,1,0,2
BRDA:13,1,1,5
BRDA:14,2,0,2
BRDA:14,2,1,5
BRDA:15,3,0,3
BRDA:15,3,1,4
BRDA:17,4,0,5
BRDA:17,4,1,2
BRF:9
BRH:9
end_of_record
TN:
SF:src\services\payment.service.ts
FN:5,(anonymous_0)
FN:12,(anonymous_1)
FNF:2
FNH:2
FNDA:1,(anonymous_0)
FNDA:1,(anonymous_1)
DA:4,1
DA:6,1
DA:13,1
LF:3
LH:3
BRF:0
BRH:0
end_of_record
TN:
SF:src\services\product.service.ts
FN:45,(anonymous_0)
FN:59,(anonymous_1)
FN:65,(anonymous_2)
FN:71,(anonymous_3)
FN:78,(anonymous_4)
FN:85,(anonymous_5)
FN:92,(anonymous_6)
FN:99,(anonymous_7)
FN:105,(anonymous_8)
FN:112,(anonymous_9)
FN:122,(anonymous_10)
FN:133,(anonymous_11)
FN:139,(anonymous_12)
FN:146,(anonymous_13)
FNF:14
FNH:14
FNDA:8,(anonymous_0)
FNDA:2,(anonymous_1)
FNDA:2,(anonymous_2)
FNDA:2,(anonymous_3)
FNDA:1,(anonymous_4)
FNDA:1,(anonymous_5)
FNDA:1,(anonymous_6)
FNDA:1,(anonymous_7)
FNDA:1,(anonymous_8)
FNDA:2,(anonymous_9)
FNDA:1,(anonymous_10)
FNDA:1,(anonymous_11)
FNDA:1,(anonymous_12)
FNDA:2,(anonymous_13)
DA:42,1
DA:46,8
DA:47,8
DA:48,8
DA:49,8
DA:50,8
DA:51,8
DA:52,8
DA:53,8
DA:54,8
DA:55,8
DA:56,8
DA:60,2
DA:66,2
DA:72,2
DA:79,1
DA:86,1
DA:93,1
DA:100,1
DA:106,1
DA:116,2
DA:127,1
DA:134,1
DA:140,1
DA:147,2
LF:25
LH:25
BRDA:45,0,0,8
BRDA:47,1,0,2
BRDA:47,1,1,6
BRDA:48,2,0,2
BRDA:48,2,1,6
BRDA:49,3,0,2
BRDA:49,3,1,6
BRDA:50,4,0,2
BRDA:50,4,1,6
BRDA:51,5,0,2
BRDA:51,5,1,6
BRDA:52,6,0,2
BRDA:52,6,1,6
BRDA:53,7,0,2
BRDA:53,7,1,6
BRDA:54,8,0,2
BRDA:54,8,1,6
BRDA:56,9,0,6
BRDA:56,9,1,2
BRF:19
BRH:19
end_of_record
TN:
SF:src\services\recommendation.service.ts
FN:9,(anonymous_0)
FNF:1
FNH:1
FNDA:2,(anonymous_0)
DA:4,1
DA:10,2
LF:2
LH:2
BRDA:9,0,0,2
BRF:1
BRH:1
end_of_record
TN:
SF:src\services\seller-order.service.ts
FN:11,(anonymous_0)
FN:20,(anonymous_1)
FN:24,(anonymous_2)
FN:31,(anonymous_3)
FN:38,(anonymous_4)
FN:45,(anonymous_5)
FNF:6
FNH:6
FNDA:2,(anonymous_0)
FNDA:1,(anonymous_1)
FNDA:1,(anonymous_2)
FNDA:1,(anonymous_3)
FNDA:1,(anonymous_4)
FNDA:1,(anonymous_5)
DA:10,1
DA:12,2
DA:13,2
DA:14,2
DA:15,2
DA:16,2
DA:17,2
DA:21,1
DA:25,1
DA:32,1
DA:39,1
DA:46,1
DA:47,1
DA:48,1
DA:49,1
DA:50,1
LF:16
LH:16
BRDA:11,0,0,2
BRDA:13,1,0,1
BRDA:13,1,1,1
BRDA:14,2,0,1
BRDA:14,2,1,1
BRDA:15,3,0,1
BRDA:15,3,1,1
BRDA:17,4,0,1
BRDA:17,4,1,1
BRDA:45,5,0,1
BRDA:47,6,0,1
BRDA:47,6,1,0
BRDA:48,7,0,1
BRDA:48,7,1,0
BRDA:50,8,0,1
BRDA:50,8,1,0
BRF:16
BRH:13
end_of_record
TN:
SF:src\services\seller-profile.service.ts
FN:12,(anonymous_0)
FN:16,(anonymous_1)
FNF:2
FNH:2
FNDA:1,(anonymous_0)
FNDA:1,(anonymous_1)
DA:11,1
DA:13,1
DA:19,1
LF:3
LH:3
BRF:0
BRH:0
end_of_record
TN:
SF:src\services\seller-value-profile.service.ts
FN:14,(anonymous_0)
FN:18,(anonymous_1)
FNF:2
FNH:2
FNDA:1,(anonymous_0)
FNDA:1,(anonymous_1)
DA:13,1
DA:15,1
DA:23,1
LF:3
LH:3
BRF:0
BRH:0
end_of_record
TN:
SF:src\services\user.service.ts
FN:13,(anonymous_0)
FN:13,(anonymous_1)
FN:17,(anonymous_2)
FN:31,(anonymous_3)
FN:49,(anonymous_4)
FN:54,(anonymous_5)
FN:59,(anonymous_6)
FN:65,(anonymous_7)
FN:132,(anonymous_8)
FN:139,(anonymous_9)
FN:140,(anonymous_10)
FN:154,(anonymous_11)
FN:157,(anonymous_12)
FN:162,(anonymous_13)
FN:168,(anonymous_14)
FNF:15
FNH:15
FNDA:31,(anonymous_0)
FNDA:31,(anonymous_1)
FNDA:1,(anonymous_2)
FNDA:3,(anonymous_3)
FNDA:1,(anonymous_4)
FNDA:1,(anonymous_5)
FNDA:1,(anonymous_6)
FNDA:19,(anonymous_7)
FNDA:25,(anonymous_8)
FNDA:21,(anonymous_9)
FNDA:12,(anonymous_10)
FNDA:3,(anonymous_11)
FNDA:8,(anonymous_12)
FNDA:1,(anonymous_13)
FNDA:1,(anonymous_14)
DA:13,31
DA:15,1
DA:18,1
DA:19,1
DA:36,3
DA:37,3
DA:50,1
DA:55,1
DA:56,1
DA:60,1
DA:61,1
DA:66,19
DA:67,19
DA:129,19
DA:130,19
DA:131,5
DA:132,5
DA:134,25
DA:139,21
DA:140,19
DA:142,19
DA:143,19
DA:145,19
DA:155,3
DA:156,3
DA:157,8
DA:158,3
DA:159,2
DA:163,1
DA:164,1
DA:165,1
DA:169,1
DA:170,1
DA:171,1
LF:34
LH:34
BRDA:13,0,0,31
BRDA:130,1,0,5
BRDA:130,1,1,14
BRDA:134,2,0,25
BRDA:134,2,1,23
BRDA:134,2,2,22
BRDA:139,3,0,5
BRDA:139,3,1,14
BRDA:140,4,0,3
BRDA:140,4,1,16
BRDA:158,5,0,1
BRDA:158,5,1,2
BRF:12
BRH:12
end_of_record
